<?xml version="1.0" encoding="UTF-8"?>
<!-- Generated by org.testng.reporters.JUnitReportReporter -->
<testsuite hostname="DELL3400-2408" failures="0" tests="2" name="tests.FlipKartSearchProductTest" time="10.199" errors="0" timestamp="2022-01-31T03:02:57 IST" skipped="0">
  <testcase classname="tests.FlipKartSearchProductTest" name="searchProductByMenu" time="6.332"/>
  <system-out/>
  <testcase classname="tests.FlipKartSearchProductTest" name="searchProductBySearchBox" time="3.867"/>
  <system-out/>
</testsuite> <!-- tests.FlipKartSearchProductTest -->
