<?xml version="1.0" encoding="UTF-8"?>
<!-- Generated by org.testng.reporters.JUnitReportReporter -->
<testsuite hostname="DELL3400-2408" failures="0" tests="5" name="tests.FlipKartTest" time="60.998" errors="0" timestamp="2022-01-29T17:26:48 IST" skipped="0">
  <testcase classname="tests.FlipKartTest" name="loginTest" time="1.500"/>
  <system-out/>
  <testcase classname="tests.FlipKartTest" name="loginTest" time="7.309"/>
  <system-out/>
  <testcase classname="tests.FlipKartTest" name="loginTest" time="12.034"/>
  <system-out/>
  <testcase classname="tests.FlipKartTest" name="loginTest" time="1.806"/>
  <system-out/>
  <testcase classname="tests.FlipKartTest" name="loginTest" time="38.349"/>
  <system-out/>
</testsuite> <!-- tests.FlipKartTest -->
