<?xml version="1.0" encoding="UTF-8"?>
<!-- Generated by org.testng.reporters.JUnitReportReporter -->
<testsuite hostname="DELL3400-2408" failures="0" tests="5" name="tests.FlipKartLoginTest" time="9.095" errors="0" timestamp="2022-01-31T03:02:57 IST" skipped="0">
  <testcase classname="tests.FlipKartLoginTest" name="loginTest" time="1.352"/>
  <system-out/>
  <testcase classname="tests.FlipKartLoginTest" name="loginTest" time="0.386"/>
  <system-out/>
  <testcase classname="tests.FlipKartLoginTest" name="loginTest" time="1.869"/>
  <system-out/>
  <testcase classname="tests.FlipKartLoginTest" name="loginTest" time="2.105"/>
  <system-out/>
  <testcase classname="tests.FlipKartLoginTest" name="loginTest" time="3.383"/>
  <system-out/>
</testsuite> <!-- tests.FlipKartLoginTest -->
